15:05 fiesta INFO    : Loading surrogate pbag_gaussian. This surrogate should only be used in the following parameter ranges:
15:05 fiesta INFO    : 	 inclination_EM: (0, 1.5707963267948966)
15:05 fiesta INFO    : 	 log10_E0: (47, 57)
15:05 fiesta INFO    : 	 thetaCore: (0.01, 0.6283185307179586)
15:05 fiesta INFO    : 	 alphaWing: (0.2, 3.5)
15:05 fiesta INFO    : 	 log10_n0: (-6, 2)
15:05 fiesta INFO    : 	 p: (2.01, 3)
15:05 fiesta INFO    : 	 log10_epsilon_e: (-4, 0)
15:05 fiesta INFO    : 	 log10_epsilon_B: (-8, 0)
15:05 fiesta INFO    : 	 Gamma0: (100, 1000)
15:05 fiesta INFO    : Surrogate pbag_gaussian is loading with the following filters: ['2massh', '2massj', '2massks', 'X-ray-1keV', 'bessellb', 'besselli', 'bessellr', 'bessellux', 'bessellv', 'ps1::g', 'ps1::i', 'ps1::r', 'ps1::z', 'radio-6GHz', 'uvot::b', 'uvot::u', 'uvot::uvm2', 'uvot::uvw1', 'uvot::uvw2', 'uvot::v', 'uvot::white'].
15:05 fiesta INFO    : Loaded for surrogate pbag_gaussian from /nfs/aya/work/hkoehn/fiesta/fiesta/surrogates/GRB/pbag_gaussian_CVAE/model.
15:05 fiesta INFO    : Loading surrogate Bu2025_MLP. This surrogate should only be used in the following parameter ranges:
15:05 fiesta INFO    : 	 log10_mej_dyn: (-3.0, -1.3010299956639813)
15:05 fiesta INFO    : 	 v_ej_dyn: (0.12, 0.28)
15:05 fiesta INFO    : 	 Ye_dyn: (0.15, 0.35)
15:05 fiesta INFO    : 	 log10_mej_wind: (-2.0, -0.8860566476931633)
15:05 fiesta INFO    : 	 v_ej_wind: (0.05, 0.15)
15:05 fiesta INFO    : 	 Ye_wind: (0.2, 0.4)
15:05 fiesta INFO    : 	 inclination_EM: (0.0, 1.5707963267948966)
15:05 fiesta INFO    : Surrogate Bu2025_MLP is loading with the following filters: ['2massh', '2massj', '2massks', 'bessellb', 'besselli', 'bessellr', 'bessellux', 'bessellv', 'ps1::g', 'ps1::i', 'ps1::r', 'ps1::z', 'uvot::b', 'uvot::u', 'uvot::uvm2', 'uvot::uvw1', 'uvot::uvw2', 'uvot::v', 'uvot::white'].
15:05 fiesta INFO    : Loaded for surrogate Bu2025_MLP from /nfs/aya/work/hkoehn/fiesta/fiesta/surrogates/KN/Bu2025_MLP/model.
15:05 fiesta INFO    : Loading and preprocessing observations in likelihood . . .
15:05 fiesta INFO    : No detection limit is given. Putting it to infinity.
15:05 fiesta INFO    : Converting error budget to dictionary.
15:05 fiesta INFO    : Loading and preprocessing observations in likelihood . . . DONE
15:05 fiesta INFO    : Initializing Fast Inference of Electromagnetic Transients with JAX...
15:05 fiesta INFO    : Likelihood is using systematic uncertainty sampling as specified in ./systematics_file.yaml.
15:05 fiesta INFO    : Prior is updated to sample now systematic uncertainty parameters ['syserr_remaining_1', 'syserr_X-ray_1'].
15:05 fiesta INFO    : Using MALA as local sampler.
15:05 fiesta INFO    : Initializing Fast Inference of Electromagnetic Transients with JAX... DONE
15:05 fiesta INFO    : Starting sampling.
No autotune found, use input sampler_params
Training normalizing flow
Tuning global sampler:   0%|          | 0/7 [00:00<?, ?it/s]Tuning global sampler:  14%|█▍        | 1/7 [03:46<22:39, 226.56s/it]Tuning global sampler:  29%|██▊       | 2/7 [04:14<09:09, 109.82s/it]Tuning global sampler:  43%|████▎     | 3/7 [04:42<04:49, 72.50s/it] Tuning global sampler:  57%|█████▋    | 4/7 [05:10<02:44, 54.96s/it]Tuning global sampler:  71%|███████▏  | 5/7 [05:38<01:30, 45.28s/it]Tuning global sampler:  86%|████████▌ | 6/7 [06:07<00:39, 39.44s/it]Tuning global sampler: 100%|██████████| 7/7 [06:36<00:00, 36.06s/it]Tuning global sampler: 100%|██████████| 7/7 [06:36<00:00, 56.59s/it]
Compiling MALA body
Starting Production run
Production run:   0%|          | 0/3 [00:00<?, ?it/s]Production run:  33%|███▎      | 1/3 [00:26<00:52, 26.41s/it]Production run:  67%|██████▋   | 2/3 [00:52<00:26, 26.41s/it]Production run: 100%|██████████| 3/3 [01:19<00:00, 26.40s/it]Production run: 100%|██████████| 3/3 [01:19<00:00, 26.40s/it]
15:13 fiesta INFO    : Sampling finished.
15:13 fiesta INFO    : Saving training samples to ./pbag/results_training.npz
15:13 fiesta INFO    : Saving production samples to ./pbag/results_production.npz
Training summary
==========
inclination_EM: 0.138 +/- 0.189
log10_E0: 51.201 +/- 1.179
thetaCore: 0.169 +/- 0.138
alphaWing: 1.560 +/- 0.908
log10_n0: -1.158 +/- 2.189
p: 2.267 +/- 0.196
log10_epsilon_e: -0.742 +/- 0.846
log10_epsilon_B: -3.027 +/- 1.609
Gamma0: 590.024 +/- 234.739
log10_mej_dyn: -2.340 +/- 0.401
v_ej_dyn: 0.205 +/- 0.039
Ye_dyn: 0.256 +/- 0.048
log10_mej_wind: -1.635 +/- 0.249
v_ej_wind: 0.109 +/- 0.023
Ye_wind: 0.286 +/- 0.045
syserr_remaining_1: 0.452 +/- 0.200
syserr_X-ray_1: 0.600 +/- 0.190
Log probability: -830.160 +/- 6514.422
Local acceptance: 0.290 +/- 0.454
Global acceptance: 0.032 +/- 0.176
Max loss: 23.903, Min loss: 11.236
Production summary
==========
inclination_EM: 0.070 +/- 0.055
log10_E0: 51.120 +/- 0.466
thetaCore: 0.078 +/- 0.037
alphaWing: 1.168 +/- 1.013
log10_n0: -2.131 +/- 2.533
p: 2.277 +/- 0.175
log10_epsilon_e: -0.409 +/- 0.458
log10_epsilon_B: -2.183 +/- 1.131
Gamma0: 574.233 +/- 248.354
log10_mej_dyn: -2.501 +/- 0.309
v_ej_dyn: 0.214 +/- 0.039
Ye_dyn: 0.239 +/- 0.048
log10_mej_wind: -1.745 +/- 0.130
v_ej_wind: 0.118 +/- 0.018
Ye_wind: 0.287 +/- 0.026
syserr_remaining_1: 0.312 +/- 0.011
syserr_X-ray_1: 0.509 +/- 0.132
Log probability: -33.502 +/- 3.132
Local acceptance: 0.091 +/- 0.288
Global acceptance: 0.026 +/- 0.160
==========
