Thu Mar 13 21:56:06 CET 2025
NVIDIA A100-SXM4-40GB
An NVIDIA GPU may be present on this machine, but a CUDA-enabled jaxlib is not installed. Falling back to cpu.
GPU found? [CpuDevice(id=0)]
Traceback (most recent call last):
  File "/gpfs/home6/twouters2/projects/fiesta/paper_fiesta/src/paper_fiesta/injections/GRB/injection_gaussian.py", line 15, in <module>
    from fiesta.inference.lightcurve_model import AfterglowpyPCA, PCALightcurveModel
ImportError: cannot import name 'AfterglowpyPCA' from 'fiesta.inference.lightcurve_model' (/gpfs/home6/twouters2/projects/fiesta/fiestaEM/src/fiesta/inference/lightcurve_model.py)
DONE

JOB STATISTICS
==============
Job ID: 10498075
Cluster: snellius
User/Group: twouters2/twouters2
State: RUNNING
Nodes: 1
Cores per node: 18
CPU Utilized: 00:00:00
CPU Efficiency: 0.00% of 00:05:42 core-walltime
Job Wall-clock time: 00:00:19
Memory Utilized: 0.00 MB (estimated maximum)
Memory Efficiency: 0.00% of 5.00 GB (5.00 GB/node)
WARNING: Efficiency statistics may be misleading for RUNNING jobs.
