Thu Mar 13 22:10:31 CET 2025
NVIDIA A100-SXM4-40GB
2025-03-13 22:10:34.511297: W external/xla/xla/service/gpu/nvptx_compiler.cc:836] The NVIDIA driver's CUDA version is 12.7 which is older than the PTX compiler version (12.8.93). Because the driver is older than the PTX compiler version, XLA is disabling parallel compilation, which may slow down compilation. You should update your NVIDIA driver or use the NVIDIA-provided CUDA forward compatibility packages.
GPU found? [CudaDevice(id=0)]
Using model directory: /home/twouters2/projects/fiesta/fiestaEM/flux_models/
Traceback (most recent call last):
  File "/gpfs/home6/twouters2/projects/fiesta/paper_fiesta/src/paper_fiesta/real_events/KN/run_AT2017gfo_Bu2019.py", line 72, in <module>
    model = BullaLightcurveModel(name,
  File "/gpfs/home6/twouters2/projects/fiesta/fiestaEM/src/fiesta/inference/lightcurve_model.py", line 412, in __init__
    super().__init__(name=name, directory=directory, filters=filters)
  File "/gpfs/home6/twouters2/projects/fiesta/fiestaEM/src/fiesta/inference/lightcurve_model.py", line 192, in __init__
    super().__init__(name, directory)
  File "/gpfs/home6/twouters2/projects/fiesta/fiestaEM/src/fiesta/inference/lightcurve_model.py", line 40, in __init__
    self.load_metadata()
  File "/gpfs/home6/twouters2/projects/fiesta/fiestaEM/src/fiesta/inference/lightcurve_model.py", line 53, in load_metadata
    metadata = dill.load(meta_file)
  File "/home/twouters2/miniconda3/envs/fiesta/lib/python3.10/site-packages/dill/_dill.py", line 297, in load
    return Unpickler(file, ignore=ignore, **kwds).load()
  File "/home/twouters2/miniconda3/envs/fiesta/lib/python3.10/site-packages/dill/_dill.py", line 452, in load
    obj = StockUnpickler.load(self)
  File "/home/twouters2/miniconda3/envs/fiesta/lib/python3.10/site-packages/dill/_dill.py", line 442, in find_class
    return StockUnpickler.find_class(self, module, name)
AttributeError: Can't get attribute 'MinMaxScalerJax' on <module 'fiesta.utils' from '/gpfs/home6/twouters2/projects/fiesta/fiestaEM/src/fiesta/utils.py'>
DONE

JOB STATISTICS
==============
Job ID: 10498237
Cluster: snellius
User/Group: twouters2/twouters2
State: RUNNING
Nodes: 1
Cores per node: 18
CPU Utilized: 00:00:00
CPU Efficiency: 0.00% of 00:06:00 core-walltime
Job Wall-clock time: 00:00:20
Memory Utilized: 0.00 MB (estimated maximum)
Memory Efficiency: 0.00% of 5.00 GB (5.00 GB/node)
WARNING: Efficiency statistics may be misleading for RUNNING jobs.
